2020-06-11 05:24:10,605 INFO r.i.s.l.s.Server [main] Начало работы сервера
2020-06-11 05:24:47,480 INFO r.i.s.l.s.Server [main] Ожидаю ввода имени файла
2020-06-11 05:24:47,481 INFO r.i.s.l.s.Server [main] Сформировано новое подключение
2020-06-11 05:24:47,482 INFO r.i.s.l.s.Server [main] Получил имя файла
2020-06-11 05:24:47,492 ERROR r.i.s.l.s.Server [main] Ошибка: файл не найден.
2020-06-11 05:24:47,493 INFO r.i.s.l.s.Server [main] Отсылка сообщения клиенту
2020-06-11 05:24:48,578 ERROR r.i.s.l.s.Server [main] Ошибка: файл не найден.
2020-06-11 05:24:48,579 INFO r.i.s.l.s.Server [main] Отсылка сообщения клиенту
2020-06-11 05:24:53,843 ERROR r.i.s.l.s.Server [main] Ошибка: файл не найден.
2020-06-11 05:24:53,846 INFO r.i.s.l.s.Server [main] Отсылка сообщения клиенту
2020-06-11 05:24:57,993 ERROR r.i.s.l.s.Server [main] Ошибка: файл не найден.
2020-06-11 05:24:57,993 INFO r.i.s.l.s.Server [main] Отсылка сообщения клиенту
2020-06-11 05:25:02,079 ERROR r.i.s.l.s.Server [main] Ошибка: файл не найден.
2020-06-11 05:25:02,080 INFO r.i.s.l.s.Server [main] Отсылка сообщения клиенту
2020-06-11 05:25:02,375 ERROR r.i.s.l.s.Server [main] Ошибка: файл не найден.
2020-06-11 05:25:02,376 INFO r.i.s.l.s.Server [main] Отсылка сообщения клиенту
2020-06-11 05:25:03,377 ERROR r.i.s.l.s.Server [main] Ошибка: файл не найден.
2020-06-11 05:25:03,378 INFO r.i.s.l.s.Server [main] Отсылка сообщения клиенту
2020-06-11 05:25:05,379 ERROR r.i.s.l.s.Server [main] Ошибка: файл не найден.
2020-06-11 05:25:05,380 INFO r.i.s.l.s.Server [main] Отсылка сообщения клиенту
2020-06-11 05:25:08,381 ERROR r.i.s.l.s.Server [main] Ошибка: файл не найден.
2020-06-11 05:25:08,381 INFO r.i.s.l.s.Server [main] Отсылка сообщения клиенту
2020-06-11 05:25:12,382 ERROR r.i.s.l.s.Server [main] Ошибка: файл не найден.
2020-06-11 05:25:12,383 INFO r.i.s.l.s.Server [main] Отсылка сообщения клиенту
2020-06-11 05:25:12,387 ERROR r.i.s.l.s.Server [main] Ошибка: файл не найден.
2020-06-11 05:25:12,387 INFO r.i.s.l.s.Server [main] Отсылка сообщения клиенту
2020-06-11 05:25:13,387 ERROR r.i.s.l.s.Server [main] Ошибка: файл не найден.
2020-06-11 05:25:13,388 INFO r.i.s.l.s.Server [main] Отсылка сообщения клиенту
2020-06-11 05:25:15,389 ERROR r.i.s.l.s.Server [main] Ошибка: файл не найден.
2020-06-11 05:25:15,389 INFO r.i.s.l.s.Server [main] Отсылка сообщения клиенту
2020-06-11 05:25:18,388 ERROR r.i.s.l.s.Server [main] Ошибка: файл не найден.
2020-06-11 05:25:18,389 INFO r.i.s.l.s.Server [main] Отсылка сообщения клиенту
2020-06-11 05:25:22,389 ERROR r.i.s.l.s.Server [main] Ошибка: файл не найден.
2020-06-11 05:25:22,390 INFO r.i.s.l.s.Server [main] Отсылка сообщения клиенту
2020-06-11 05:25:22,394 ERROR r.i.s.l.s.Server [main] Ошибка: файл не найден.
2020-06-11 05:25:22,398 INFO r.i.s.l.s.Server [main] Отсылка сообщения клиенту
2020-06-11 05:25:23,420 ERROR r.i.s.l.s.Server [main] Ошибка: файл не найден.
2020-06-11 05:25:23,421 INFO r.i.s.l.s.Server [main] Отсылка сообщения клиенту
2020-06-11 05:25:25,425 ERROR r.i.s.l.s.Server [main] Ошибка: файл не найден.
2020-06-11 05:25:25,426 INFO r.i.s.l.s.Server [main] Отсылка сообщения клиенту
2020-06-11 05:25:28,431 ERROR r.i.s.l.s.Server [main] Ошибка: файл не найден.
2020-06-11 05:25:28,432 INFO r.i.s.l.s.Server [main] Отсылка сообщения клиенту
2020-06-11 05:25:46,018 INFO r.i.s.l.s.Server [main] Начало работы сервера
2020-06-11 05:25:47,844 INFO r.i.s.l.s.Server [main] Ожидаю ввода имени файла
2020-06-11 05:25:47,845 INFO r.i.s.l.s.Server [main] Сформировано новое подключение
2020-06-11 05:25:47,846 INFO r.i.s.l.s.Server [main] Получил имя файла
2020-06-11 05:25:47,860 ERROR r.i.s.l.s.Server [main] Ошибка: файл не найден.
2020-06-11 05:25:47,861 INFO r.i.s.l.s.Server [main] Отсылка сообщения клиенту
2020-06-11 05:25:50,837 ERROR r.i.s.l.s.Server [main] Ошибка: файл не найден.
2020-06-11 05:25:50,838 INFO r.i.s.l.s.Server [main] Отсылка сообщения клиенту
2020-06-11 05:25:54,837 ERROR r.i.s.l.s.Server [main] Ошибка: файл не найден.
2020-06-11 05:25:54,838 INFO r.i.s.l.s.Server [main] Отсылка сообщения клиенту
2020-06-11 05:25:54,842 ERROR r.i.s.l.s.Server [main] Ошибка: файл не найден.
2020-06-11 05:25:54,842 INFO r.i.s.l.s.Server [main] Отсылка сообщения клиенту
2020-06-11 05:25:55,844 ERROR r.i.s.l.s.Server [main] Ошибка: файл не найден.
2020-06-11 05:25:55,844 INFO r.i.s.l.s.Server [main] Отсылка сообщения клиенту
2020-06-11 05:25:57,845 ERROR r.i.s.l.s.Server [main] Ошибка: файл не найден.
2020-06-11 05:25:57,845 INFO r.i.s.l.s.Server [main] Отсылка сообщения клиенту
2020-06-11 05:26:00,845 ERROR r.i.s.l.s.Server [main] Ошибка: файл не найден.
2020-06-11 05:26:00,846 INFO r.i.s.l.s.Server [main] Отсылка сообщения клиенту
2020-06-11 05:26:04,845 ERROR r.i.s.l.s.Server [main] Ошибка: файл не найден.
2020-06-11 05:26:04,846 INFO r.i.s.l.s.Server [main] Отсылка сообщения клиенту
2020-06-11 05:26:04,847 ERROR r.i.s.l.s.Server [main] Ошибка: файл не найден.
2020-06-11 05:26:04,847 INFO r.i.s.l.s.Server [main] Отсылка сообщения клиенту
2020-06-11 05:26:05,847 ERROR r.i.s.l.s.Server [main] Ошибка: файл не найден.
2020-06-11 05:26:05,848 INFO r.i.s.l.s.Server [main] Отсылка сообщения клиенту
2020-06-11 05:26:07,854 ERROR r.i.s.l.s.Server [main] Ошибка: файл не найден.
2020-06-11 05:26:07,854 INFO r.i.s.l.s.Server [main] Отсылка сообщения клиенту
2020-06-11 05:26:10,855 ERROR r.i.s.l.s.Server [main] Ошибка: файл не найден.
2020-06-11 05:26:10,855 INFO r.i.s.l.s.Server [main] Отсылка сообщения клиенту
2020-06-11 05:26:14,854 ERROR r.i.s.l.s.Server [main] Ошибка: файл не найден.
2020-06-11 05:26:14,856 INFO r.i.s.l.s.Server [main] Отсылка сообщения клиенту
2020-06-11 05:26:14,860 ERROR r.i.s.l.s.Server [main] Ошибка: файл не найден.
2020-06-11 05:26:14,861 INFO r.i.s.l.s.Server [main] Отсылка сообщения клиенту
2020-06-11 05:28:57,786 INFO r.i.s.l.s.Server [main] Начало работы сервера
2020-06-11 05:29:03,565 INFO r.i.s.l.s.Server [main] Ожидаю ввода имени файла
2020-06-11 05:29:03,566 INFO r.i.s.l.s.Server [main] Сформировано новое подключение
2020-06-11 05:29:03,568 INFO r.i.s.l.s.Server [main] Получил имя файла
2020-06-11 05:29:03,578 ERROR r.i.s.l.s.Server [main] Ошибка: файл не найден.
2020-06-11 05:29:03,579 INFO r.i.s.l.s.Server [main] Отсылка сообщения клиенту
2020-06-11 05:29:04,564 ERROR r.i.s.l.s.Server [main] Ошибка: файл не найден.
2020-06-11 05:29:04,564 INFO r.i.s.l.s.Server [main] Отсылка сообщения клиенту
2020-06-11 05:29:06,609 ERROR r.i.s.l.s.Server [main] Ошибка: файл не найден.
2020-06-11 05:29:06,609 INFO r.i.s.l.s.Server [main] Отсылка сообщения клиенту
2020-06-11 05:29:09,615 ERROR r.i.s.l.s.Server [main] Ошибка: файл не найден.
2020-06-11 05:29:09,615 INFO r.i.s.l.s.Server [main] Отсылка сообщения клиенту
2020-06-11 05:29:13,622 ERROR r.i.s.l.s.Server [main] Ошибка: файл не найден.
2020-06-11 05:29:13,622 INFO r.i.s.l.s.Server [main] Отсылка сообщения клиенту
2020-06-11 05:29:13,649 ERROR r.i.s.l.s.Server [main] Ошибка: файл не найден.
2020-06-11 05:29:13,649 INFO r.i.s.l.s.Server [main] Отсылка сообщения клиенту
2020-06-11 05:29:14,654 ERROR r.i.s.l.s.Server [main] Ошибка: файл не найден.
2020-06-11 05:29:14,654 INFO r.i.s.l.s.Server [main] Отсылка сообщения клиенту
2020-06-11 05:29:16,654 ERROR r.i.s.l.s.Server [main] Ошибка: файл не найден.
2020-06-11 05:29:16,654 INFO r.i.s.l.s.Server [main] Отсылка сообщения клиенту
2020-06-11 05:29:19,655 ERROR r.i.s.l.s.Server [main] Ошибка: файл не найден.
2020-06-11 05:29:19,655 INFO r.i.s.l.s.Server [main] Отсылка сообщения клиенту
2020-06-11 05:29:23,658 ERROR r.i.s.l.s.Server [main] Ошибка: файл не найден.
2020-06-11 05:29:23,658 INFO r.i.s.l.s.Server [main] Отсылка сообщения клиенту
2020-06-11 05:29:23,658 ERROR r.i.s.l.s.Server [main] Ошибка: файл не найден.
2020-06-11 05:29:23,658 INFO r.i.s.l.s.Server [main] Отсылка сообщения клиенту
2020-06-11 05:29:24,665 ERROR r.i.s.l.s.Server [main] Ошибка: файл не найден.
2020-06-11 05:29:24,665 INFO r.i.s.l.s.Server [main] Отсылка сообщения клиенту
2020-06-11 05:29:26,668 ERROR r.i.s.l.s.Server [main] Ошибка: файл не найден.
2020-06-11 05:29:26,668 INFO r.i.s.l.s.Server [main] Отсылка сообщения клиенту
2020-06-11 05:29:29,672 ERROR r.i.s.l.s.Server [main] Ошибка: файл не найден.
2020-06-11 05:29:29,672 INFO r.i.s.l.s.Server [main] Отсылка сообщения клиенту
2020-06-11 05:29:33,677 ERROR r.i.s.l.s.Server [main] Ошибка: файл не найден.
2020-06-11 05:29:33,677 INFO r.i.s.l.s.Server [main] Отсылка сообщения клиенту
2020-06-11 05:29:33,677 ERROR r.i.s.l.s.Server [main] Ошибка: файл не найден.
2020-06-11 05:29:33,677 INFO r.i.s.l.s.Server [main] Отсылка сообщения клиенту
2020-06-11 05:29:34,699 ERROR r.i.s.l.s.Server [main] Ошибка: файл не найден.
2020-06-11 05:29:34,699 INFO r.i.s.l.s.Server [main] Отсылка сообщения клиенту
2020-06-11 05:29:36,700 ERROR r.i.s.l.s.Server [main] Ошибка: файл не найден.
2020-06-11 05:29:36,700 INFO r.i.s.l.s.Server [main] Отсылка сообщения клиенту
2020-06-11 05:29:39,708 ERROR r.i.s.l.s.Server [main] Ошибка: файл не найден.
2020-06-11 05:29:39,708 INFO r.i.s.l.s.Server [main] Отсылка сообщения клиенту
2020-06-11 05:37:11,685 INFO r.i.s.l.s.Server [main] Начало работы сервера
2020-06-11 05:37:21,108 INFO r.i.s.l.s.Server [main] Ожидаю ввода имени файла
2020-06-11 05:37:21,109 INFO r.i.s.l.s.Server [main] Сформировано новое подключение
2020-06-11 05:37:21,112 INFO r.i.s.l.s.Server [main] Получил имя файла
2020-06-11 05:37:21,526 INFO r.i.s.l.s.Server [main] Отсылка сообщения клиенту
2020-06-11 05:37:21,559 INFO r.i.s.l.s.Server [main] Успешно загружена коллекция
2020-06-11 05:37:21,636 INFO r.i.s.l.s.Server [main] Отсылка сообщения клиенту
2020-06-11 05:37:35,224 INFO r.i.s.l.s.Server [main] Обработка команды
2020-06-11 05:37:35,227 INFO r.i.s.l.s.Server [main] Прием сообщения от клиента
2020-06-11 05:37:35,241 INFO r.i.s.l.s.Server [main] Отправка результата
2020-06-11 05:37:35,241 INFO r.i.s.l.s.Server [main] Отсылка сообщения клиенту
2020-06-11 05:37:35,243 INFO r.i.s.l.s.Server [main] Отсылка сообщения клиенту
2020-06-11 05:37:35,245 INFO r.i.s.l.s.Server [main] Успешное выполнение команды
2020-06-11 05:37:37,049 INFO r.i.s.l.s.Server [main] Обработка команды
2020-06-11 05:37:37,049 INFO r.i.s.l.s.Server [main] Прием сообщения от клиента
2020-06-11 05:37:37,095 INFO r.i.s.l.s.Server [main] Отправка результата
2020-06-11 05:37:37,096 INFO r.i.s.l.s.Server [main] Отсылка сообщения клиенту
2020-06-11 05:37:37,097 INFO r.i.s.l.s.Server [main] Отсылка сообщения клиенту
2020-06-11 05:37:37,102 INFO r.i.s.l.s.Server [main] Успешное выполнение команды
2020-06-11 05:37:40,252 INFO r.i.s.l.s.Server [main] Клиент отключился
2020-06-11 05:38:45,777 INFO r.i.s.l.s.Server [main] Ожидаю ввода имени файла
2020-06-11 05:38:45,777 INFO r.i.s.l.s.Server [main] Сформировано новое подключение
2020-06-11 05:38:45,780 INFO r.i.s.l.s.Server [main] Получил имя файла
2020-06-11 05:38:45,794 INFO r.i.s.l.s.Server [main] Отсылка сообщения клиенту
2020-06-11 05:38:45,796 INFO r.i.s.l.s.Server [main] Успешно загружена коллекция
2020-06-11 05:38:45,797 INFO r.i.s.l.s.Server [main] Отсылка сообщения клиенту
2020-06-11 05:38:59,361 INFO r.i.s.l.s.Server [main] Обработка команды
2020-06-11 05:38:59,361 INFO r.i.s.l.s.Server [main] Прием сообщения от клиента
2020-06-11 05:38:59,365 INFO r.i.s.l.s.Server [main] Отправка результата
2020-06-11 05:38:59,365 INFO r.i.s.l.s.Server [main] Отсылка сообщения клиенту
2020-06-11 05:38:59,367 INFO r.i.s.l.s.Server [main] Отсылка сообщения клиенту
2020-06-11 05:38:59,368 INFO r.i.s.l.s.Server [main] Успешное выполнение команды
2020-06-11 05:39:24,310 INFO r.i.s.l.s.Server [main] Начало работы сервера
2020-06-11 05:39:27,283 INFO r.i.s.l.s.Server [main] Успешное выполнение команды
2020-06-11 05:39:27,285 INFO r.i.s.l.s.Server [main] Успешное выполнение команды
2020-06-11 05:39:50,983 INFO r.i.s.l.s.Server [main] Ожидаю ввода имени файла
2020-06-11 05:39:50,984 INFO r.i.s.l.s.Server [main] Сформировано новое подключение
2020-06-11 05:39:50,985 INFO r.i.s.l.s.Server [main] Получил имя файла
2020-06-11 05:39:51,253 INFO r.i.s.l.s.Server [main] Отсылка сообщения клиенту
2020-06-11 05:39:51,291 INFO r.i.s.l.s.Server [main] Успешно загружена коллекция
2020-06-11 05:39:51,363 INFO r.i.s.l.s.Server [main] Отсылка сообщения клиенту
2020-06-11 05:40:03,912 INFO r.i.s.l.s.Server [main] Обработка команды
2020-06-11 05:40:03,913 INFO r.i.s.l.s.Server [main] Прием сообщения от клиента
2020-06-11 05:40:03,926 INFO r.i.s.l.s.Server [main] Отправка результата
2020-06-11 05:40:03,927 INFO r.i.s.l.s.Server [main] Отсылка сообщения клиенту
2020-06-11 05:40:03,929 INFO r.i.s.l.s.Server [main] Отсылка сообщения клиенту
2020-06-11 05:40:03,930 INFO r.i.s.l.s.Server [main] Успешное выполнение команды
